Vetur initialized
[Error - 09:03:27] Request textDocument/hover failed.
  Message: Request textDocument/hover failed with message: Maximum call stack size exceeded
  Code: -32603 
[Error - 09:03:43] Request textDocument/hover failed.
  Message: Request textDocument/hover failed with message: Maximum call stack size exceeded
  Code: -32603 
[Error - 09:03:43] Request textDocument/hover failed.
  Message: Request textDocument/hover failed with message: Maximum call stack size exceeded
  Code: -32603 
[Error - 09:03:43] Request textDocument/hover failed.
  Message: Request textDocument/hover failed with message: Maximum call stack size exceeded
  Code: -32603 
[Error - 09:03:44] Request textDocument/hover failed.
  Message: Request textDocument/hover failed with message: Maximum call stack size exceeded
  Code: -32603 
[Error - 09:03:45] Request textDocument/hover failed.
  Message: Request textDocument/hover failed with message: Maximum call stack size exceeded
  Code: -32603 
[Error - 09:03:45] Request textDocument/hover failed.
  Message: Request textDocument/hover failed with message: Maximum call stack size exceeded
  Code: -32603 
[Error - 09:03:45] Request textDocument/hover failed.
  Message: Request textDocument/hover failed with message: Maximum call stack size exceeded
  Code: -32603 
[Error - 09:03:47] Request textDocument/hover failed.
  Message: Request textDocument/hover failed with message: Maximum call stack size exceeded
  Code: -32603 
[Error - 09:03:47] Request textDocument/hover failed.
  Message: Request textDocument/hover failed with message: Maximum call stack size exceeded
  Code: -32603 
[Error - 09:03:48] Request textDocument/hover failed.
  Message: Request textDocument/hover failed with message: Maximum call stack size exceeded
  Code: -32603 
[Error - 09:03:50] Request textDocument/completion failed.
  Message: Request textDocument/completion failed with message: Maximum call stack size exceeded
  Code: -32603 
[Error - 09:03:53] Request textDocument/completion failed.
  Message: Request textDocument/completion failed with message: Maximum call stack size exceeded
  Code: -32603 
[Error - 09:03:53] Request textDocument/completion failed.
  Message: Request textDocument/completion failed with message: Maximum call stack size exceeded
  Code: -32603 
[Error - 09:03:53] Request textDocument/completion failed.
  Message: Request textDocument/completion failed with message: Maximum call stack size exceeded
  Code: -32603 
